<?xml version="1.0" encoding="UTF-8"?>
<!-- Generated by org.testng.reporters.JUnitXMLReporter -->
<testsuite hostname="DESKTOP-KRCKQJV" ignored="0" name="Test1" tests="1" failures="1" timestamp="2020-06-20T22:20:26 IST" time="36.552" errors="0">
  <testcase name="Pagenevigation" time="32.376" classname="HomePage.ValidationOfText">
    <failure type="java.lang.AssertionError" message="expected [FATURED COURSES] but found [FEATURED COURSES]">
      <![CDATA[java.lang.AssertionError: expected [FATURED COURSES] but found [FEATURED COURSES]
at HomePage.ValidationOfText.Pagenevigation(ValidationOfText.java:24)
at java.util.ArrayList.forEach(ArrayList.java:1249)
... Removed 32 stack frames]]>
    </failure>
  </testcase> <!-- Pagenevigation -->
</testsuite> <!-- Test1 -->
