<?xml version="1.0" encoding="UTF-8"?>
<!-- Generated by org.testng.reporters.JUnitXMLReporter -->
<testsuite hostname="DESKTOP-KRCKQJV" ignored="0" name="Test1" tests="1" failures="1" timestamp="2020-06-21T18:41:49 IST" time="35.433" errors="0">
  <testcase name="Pagenevigation" time="32.754" classname="HomePage.ValidationOfText">
    <failure type="java.lang.AssertionError" message="expected [FATURED COURSES] but found [FEATURED COURSES]">
      <![CDATA[java.lang.AssertionError: expected [FATURED COURSES] but found [FEATURED COURSES]
at HomePage.ValidationOfText.Pagenevigation(ValidationOfText.java:24)
at java.util.ArrayList.forEach(Unknown Source)
... Removed 36 stack frames]]>
    </failure>
  </testcase> <!-- Pagenevigation -->
</testsuite> <!-- Test1 -->
