<?xml version="1.0" encoding="UTF-8"?>
<testng-results skipped="0" failed="1" ignored="0" total="3" passed="2">
  <reporter-output>
  </reporter-output>
  <suite name="Suite" duration-ms="119161" started-at="2020-06-20T22:19:49 IST" finished-at="2020-06-20T22:21:48 IST">
    <groups>
    </groups>
    <test name="Test1" duration-ms="36552" started-at="2020-06-20T22:19:49 IST" finished-at="2020-06-20T22:20:26 IST">
      <class name="HomePage.ValidationOfText">
        <test-method status="FAIL" signature="Pagenevigation()[pri:0, instance:HomePage.ValidationOfText@64729b1e]" name="Pagenevigation" duration-ms="32376" started-at="2020-06-20T22:19:49 IST" finished-at="2020-06-20T22:20:22 IST">
          <exception class="java.lang.AssertionError">
            <message>
              <![CDATA[expected [FATURED COURSES] but found [FEATURED COURSES]]]>
            </message>
            <full-stacktrace>
              <![CDATA[java.lang.AssertionError: expected [FATURED COURSES] but found [FEATURED COURSES]
at org.testng.Assert.fail(Assert.java:97)
at org.testng.Assert.assertEqualsImpl(Assert.java:136)
at org.testng.Assert.assertEquals(Assert.java:118)
at org.testng.Assert.assertEquals(Assert.java:575)
at org.testng.Assert.assertEquals(Assert.java:585)
at HomePage.ValidationOfText.Pagenevigation(ValidationOfText.java:24)
at sun.reflect.NativeMethodAccessorImpl.invoke0(Native Method)
at sun.reflect.NativeMethodAccessorImpl.invoke(NativeMethodAccessorImpl.java:62)
at sun.reflect.DelegatingMethodAccessorImpl.invoke(DelegatingMethodAccessorImpl.java:43)
at java.lang.reflect.Method.invoke(Method.java:498)
at org.testng.internal.MethodInvocationHelper.invokeMethod(MethodInvocationHelper.java:134)
at org.testng.internal.TestInvoker.invokeMethod(TestInvoker.java:597)
at org.testng.internal.TestInvoker.invokeTestMethod(TestInvoker.java:173)
at org.testng.internal.MethodRunner.runInSequence(MethodRunner.java:46)
at org.testng.internal.TestInvoker$MethodInvocationAgent.invoke(TestInvoker.java:816)
at org.testng.internal.TestInvoker.invokeTestMethods(TestInvoker.java:146)
at org.testng.internal.TestMethodWorker.invokeTestMethods(TestMethodWorker.java:146)
at org.testng.internal.TestMethodWorker.run(TestMethodWorker.java:128)
at java.util.ArrayList.forEach(ArrayList.java:1249)
at org.testng.TestRunner.privateRun(TestRunner.java:766)
at org.testng.TestRunner.run(TestRunner.java:587)
at org.testng.SuiteRunner.runTest(SuiteRunner.java:384)
at org.testng.SuiteRunner.runSequentially(SuiteRunner.java:378)
at org.testng.SuiteRunner.privateRun(SuiteRunner.java:337)
at org.testng.SuiteRunner.run(SuiteRunner.java:286)
at org.testng.SuiteRunnerWorker.runSuite(SuiteRunnerWorker.java:53)
at org.testng.SuiteRunnerWorker.run(SuiteRunnerWorker.java:96)
at org.testng.TestNG.runSuitesSequentially(TestNG.java:1187)
at org.testng.TestNG.runSuitesLocally(TestNG.java:1109)
at org.testng.TestNG.runSuites(TestNG.java:1039)
at org.testng.TestNG.run(TestNG.java:1007)
at org.testng.remote.AbstractRemoteTestNG.run(AbstractRemoteTestNG.java:115)
at org.testng.remote.RemoteTestNG.initAndRun(RemoteTestNG.java:251)
at org.testng.remote.RemoteTestNG.main(RemoteTestNG.java:77)
]]>
            </full-stacktrace>
          </exception> <!-- java.lang.AssertionError -->
          <reporter-output>
          </reporter-output>
        </test-method> <!-- Pagenevigation -->
        <test-method status="PASS" signature="close()[pri:0, instance:HomePage.ValidationOfText@64729b1e]" name="close" is-config="true" duration-ms="1996" started-at="2020-06-20T22:20:24 IST" finished-at="2020-06-20T22:20:26 IST">
          <reporter-output>
          </reporter-output>
        </test-method> <!-- close -->
      </class> <!-- HomePage.ValidationOfText -->
    </test> <!-- Test1 -->
    <test name="Test2" duration-ms="82221" started-at="2020-06-20T22:20:26 IST" finished-at="2020-06-20T22:21:48 IST">
      <class name="HomePage.Homepage">
        <test-method status="PASS" signature="Pagenevigation(java.lang.String, java.lang.String, java.lang.String)[pri:0, instance:HomePage.Homepage@702657cc]" name="Pagenevigation" duration-ms="53701" started-at="2020-06-20T22:20:26 IST" data-provider="getdata" finished-at="2020-06-20T22:21:20 IST">
          <params>
            <param index="0">
              <value>
                <![CDATA[khushbu]]>
              </value>
            </param>
            <param index="1">
              <value>
                <![CDATA[12345]]>
              </value>
            </param>
            <param index="2">
              <value>
                <![CDATA[hi]]>
              </value>
            </param>
          </params>
          <reporter-output>
          </reporter-output>
        </test-method> <!-- Pagenevigation -->
        <test-method status="PASS" signature="Pagenevigation(java.lang.String, java.lang.String, java.lang.String)[pri:0, instance:HomePage.Homepage@702657cc]" name="Pagenevigation" duration-ms="28507" started-at="2020-06-20T22:21:20 IST" data-provider="getdata" finished-at="2020-06-20T22:21:48 IST">
          <params>
            <param index="0">
              <value>
                <![CDATA[yogesh]]>
              </value>
            </param>
            <param index="1">
              <value>
                <![CDATA[789456]]>
              </value>
            </param>
            <param index="2">
              <value>
                <![CDATA[bye]]>
              </value>
            </param>
          </params>
          <reporter-output>
          </reporter-output>
        </test-method> <!-- Pagenevigation -->
      </class> <!-- HomePage.Homepage -->
    </test> <!-- Test2 -->
  </suite> <!-- Suite -->
</testng-results>
